  AIBase.cpp
  AINormalEnemy.cpp
  CameraManager.cpp
  DebugCamera.cpp
  PlayCamera.cpp
  Collision.cpp
  Enemy.cpp
  EnemyManager.cpp
  NormalEnemy.cpp
  Input.cpp
  Main.cpp
  Map.cpp
  MyMath.cpp
  Player.cpp
  PlayerManager.cpp
  PlayScene.cpp
  Scene.cpp
  SceneManager.cpp
  Totem.cpp
  Stone.cpp
  コードを生成中...
  LINK : 前回のインクリメンタル リンクで C:\Users\mirih\Documents\GitHub\Mock\BloodySacrifice\Debug\Sample3D.exe が見つからなかったか、ビルドされませんでした。フル リンクを行います。
  Sample3D.vcxproj -> C:\Users\mirih\Documents\GitHub\Mock\BloodySacrifice\Debug\Sample3D.exe
