d:\users\2109407\documents\github\mock\bloodysacrifice　モック\debug\vc143.pdb
d:\users\2109407\documents\github\mock\bloodysacrifice　モック\debug\vc143.idb
d:\users\2109407\documents\github\mock\bloodysacrifice　モック\debug\stone.obj
d:\users\2109407\documents\github\mock\bloodysacrifice　モック\debug\scene.obj
d:\users\2109407\documents\github\mock\bloodysacrifice　モック\debug\scenemanager.obj
d:\users\2109407\documents\github\mock\bloodysacrifice　モック\debug\playscene.obj
d:\users\2109407\documents\github\mock\bloodysacrifice　モック\debug\playermanager.obj
d:\users\2109407\documents\github\mock\bloodysacrifice　モック\debug\player.obj
d:\users\2109407\documents\github\mock\bloodysacrifice　モック\debug\mymath.obj
d:\users\2109407\documents\github\mock\bloodysacrifice　モック\debug\map.obj
d:\users\2109407\documents\github\mock\bloodysacrifice　モック\debug\main.obj
d:\users\2109407\documents\github\mock\bloodysacrifice　モック\debug\input.obj
d:\users\2109407\documents\github\mock\bloodysacrifice　モック\debug\normalenemy.obj
d:\users\2109407\documents\github\mock\bloodysacrifice　モック\debug\enemymanager.obj
d:\users\2109407\documents\github\mock\bloodysacrifice　モック\debug\enemy.obj
d:\users\2109407\documents\github\mock\bloodysacrifice　モック\debug\collision.obj
d:\users\2109407\documents\github\mock\bloodysacrifice　モック\debug\playcamera.obj
d:\users\2109407\documents\github\mock\bloodysacrifice　モック\debug\debugcamera.obj
d:\users\2109407\documents\github\mock\bloodysacrifice　モック\debug\cameramanager.obj
d:\users\2109407\documents\github\mock\bloodysacrifice　モック\debug\sample3d.pdb
d:\users\2109407\documents\github\mock\bloodysacrifice　モック\debug\sample3d.tlog\cl.command.1.tlog
d:\users\2109407\documents\github\mock\bloodysacrifice　モック\debug\sample3d.tlog\cl.read.1.tlog
d:\users\2109407\documents\github\mock\bloodysacrifice　モック\debug\sample3d.tlog\cl.write.1.tlog
d:\users\2109407\documents\github\mock\bloodysacrifice　モック\debug\sample3d.tlog\link-cvtres.read.1.tlog
d:\users\2109407\documents\github\mock\bloodysacrifice　モック\debug\sample3d.tlog\link-cvtres.write.1.tlog
d:\users\2109407\documents\github\mock\bloodysacrifice　モック\debug\sample3d.tlog\link-rc.read.1.tlog
d:\users\2109407\documents\github\mock\bloodysacrifice　モック\debug\sample3d.tlog\link-rc.write.1.tlog
d:\users\2109407\documents\github\mock\bloodysacrifice　モック\debug\sample3d.tlog\link.14536-cvtres.read.1.tlog
d:\users\2109407\documents\github\mock\bloodysacrifice　モック\debug\sample3d.tlog\link.14536-cvtres.write.1.tlog
d:\users\2109407\documents\github\mock\bloodysacrifice　モック\debug\sample3d.tlog\link.14536-rc.read.1.tlog
d:\users\2109407\documents\github\mock\bloodysacrifice　モック\debug\sample3d.tlog\link.14536-rc.write.1.tlog
d:\users\2109407\documents\github\mock\bloodysacrifice　モック\debug\sample3d.tlog\link.14536.read.1.tlog
d:\users\2109407\documents\github\mock\bloodysacrifice　モック\debug\sample3d.tlog\link.14536.write.1.tlog
d:\users\2109407\documents\github\mock\bloodysacrifice　モック\debug\sample3d.tlog\link.command.1.tlog
d:\users\2109407\documents\github\mock\bloodysacrifice　モック\debug\sample3d.tlog\link.read.1.tlog
d:\users\2109407\documents\github\mock\bloodysacrifice　モック\debug\sample3d.tlog\link.write.1.tlog
